<?xml version="1.0" encoding="UTF-8"?>
<!-- Generated by org.testng.reporters.JUnitXMLReporter -->
<testsuite ignored="0" hostname="DESKTOP-7BM582H" failures="0" tests="10" name="Default test" time="111.197" errors="0" timestamp="14 Oct 2018 10:21:17 GMT">
  <testcase classname="com.att.testcases.ChooseReportToCreateTest" name="verifyBillingSummaryExampleLinkWindows" time="1.889"/>
  <testcase classname="com.att.testcases.ChooseReportToCreateTest" name="verifyChooseReportWindowTitle" time="0.147"/>
  <testcase classname="com.att.testcases.ChooseReportToCreateTest" name="verifyCostOfWorkExampleLinkWindows" time="1.83"/>
  <testcase classname="com.att.testcases.ChooseReportToCreateTest" name="verifyEstimatedVSActualTimeExampleLinkWindows" time="1.84"/>
  <testcase classname="com.att.testcases.ChooseReportToCreateTest" name="verifyInvoiceExportExampleLinkWindows" time="1.799"/>
  <testcase classname="com.att.testcases.ChooseReportToCreateTest" name="verifyLeaveTimeExampleLinkWindows" time="1.823"/>
  <testcase classname="com.att.testcases.ChooseReportToCreateTest" name="verifyOvertimeExampleLinkWindows" time="1.811"/>
  <testcase classname="com.att.testcases.ChooseReportToCreateTest" name="verifyProfitLossExampleLinkWindows" time="1.77"/>
  <testcase classname="com.att.testcases.ChooseReportToCreateTest" name="verifyStaffPerformanceExampleLinkWindows" time="1.816"/>
  <testcase classname="com.att.testcases.ChooseReportToCreateTest" name="verifyTimeTrackInDetailExampleLinkWindows" time="1.751"/>
</testsuite> <!-- Default test -->
