<?xml version="1.0" encoding="UTF-8"?>
<!-- Generated by org.testng.reporters.JUnitXMLReporter -->
<testsuite ignored="7" hostname="DESKTOP-7BM582H" failures="0" tests="1" name="Default test" time="10.196" errors="0" timestamp="09 Oct 2018 15:32:31 GMT">
  <testcase classname="com.att.testcases.HomeTest" name="verifySelectSettingsLeaveTypesMenu" time="0.755"/>
  <testcase classname="com.att.testcases.HomeTest" name="verifySelectSettingsLogoAndColorSchemeMenu" time="0.0">
    <ignored/>
  </testcase> <!-- verifySelectSettingsLogoAndColorSchemeMenu -->
  <testcase classname="com.att.testcases.HomeTest" name="verifyProfileName" time="0.0">
    <ignored/>
  </testcase> <!-- verifyProfileName -->
  <testcase classname="com.att.testcases.HomeTest" name="verifyTasksTab" time="0.0">
    <ignored/>
  </testcase> <!-- verifyTasksTab -->
  <testcase classname="com.att.testcases.HomeTest" name="verifySelectSettingsBillingTypesMenu" time="0.0">
    <ignored/>
  </testcase> <!-- verifySelectSettingsBillingTypesMenu -->
  <testcase classname="com.att.testcases.HomeTest" name="verifyTaskTabClick" time="0.0">
    <ignored/>
  </testcase> <!-- verifyTaskTabClick -->
  <testcase classname="com.att.testcases.HomeTest" name="verifyReportTab" time="0.0">
    <ignored/>
  </testcase> <!-- verifyReportTab -->
  <testcase classname="com.att.testcases.HomeTest" name="verifySelectSettingsLicensesMenu" time="0.0">
    <ignored/>
  </testcase> <!-- verifySelectSettingsLicensesMenu -->
</testsuite> <!-- Default test -->
