<?xml version="1.0" encoding="UTF-8"?>
<!-- Generated by org.testng.reporters.JUnitXMLReporter -->
<testsuite ignored="0" hostname="DESKTOP-7BM582H" failures="0" tests="8" name="Default test" time="94.448" errors="0" timestamp="10 Oct 2018 12:48:03 GMT">
  <testcase classname="com.att.testcases.HomeTest" name="verifyProfileName" time="0.075"/>
  <testcase classname="com.att.testcases.HomeTest" name="verifyReportTab" time="0.003"/>
  <testcase classname="com.att.testcases.HomeTest" name="verifySelectSettingsBillingTypesMenu" time="0.692"/>
  <testcase classname="com.att.testcases.HomeTest" name="verifySelectSettingsLeaveTypesMenu" time="0.722"/>
  <testcase classname="com.att.testcases.HomeTest" name="verifySelectSettingsLicensesMenu" time="0.599"/>
  <testcase classname="com.att.testcases.HomeTest" name="verifySelectSettingsLogoAndColorSchemeMenu" time="0.716"/>
  <testcase classname="com.att.testcases.HomeTest" name="verifyTaskTabClick" time="0.944"/>
  <testcase classname="com.att.testcases.HomeTest" name="verifyTasksTab" time="0.005"/>
</testsuite> <!-- Default test -->
