<?xml version="1.0" encoding="UTF-8"?>
<testng-results ignored="0" total="6" passed="6" failed="0" skipped="0">
  <reporter-output>
  </reporter-output>
  <suite started-at="2018-10-02T11:58:40Z" name="Default suite" finished-at="2018-10-02T11:59:31Z" duration-ms="50926">
    <groups>
    </groups>
    <test started-at="2018-10-02T11:58:40Z" name="Default test" finished-at="2018-10-02T11:59:31Z" duration-ms="50926">
      <class name="com.att.testcases.HomeTest">
        <test-method is-config="true" signature="setUP()[pri:0, instance:com.att.testcases.HomeTest@1356d4d4]" started-at="2018-10-02T11:58:40Z" name="setUP" finished-at="2018-10-02T11:58:46Z" duration-ms="5227" status="PASS">
          <reporter-output>
          </reporter-output>
        </test-method> <!-- setUP -->
        <test-method signature="verifyBillingTypeTest()[pri:0, instance:com.att.testcases.HomeTest@1356d4d4]" started-at="2018-10-02T11:58:46Z" name="verifyBillingTypeTest" finished-at="2018-10-02T11:58:48Z" duration-ms="2815" status="PASS">
          <reporter-output>
          </reporter-output>
        </test-method> <!-- verifyBillingTypeTest -->
        <test-method is-config="true" signature="tearDown()[pri:0, instance:com.att.testcases.HomeTest@1356d4d4]" started-at="2018-10-02T11:58:48Z" name="tearDown" finished-at="2018-10-02T11:58:49Z" duration-ms="725" status="PASS">
          <reporter-output>
          </reporter-output>
        </test-method> <!-- tearDown -->
        <test-method is-config="true" signature="setUP()[pri:0, instance:com.att.testcases.HomeTest@1356d4d4]" started-at="2018-10-02T11:58:49Z" name="setUP" finished-at="2018-10-02T11:58:55Z" duration-ms="5352" status="PASS">
          <reporter-output>
          </reporter-output>
        </test-method> <!-- setUP -->
        <test-method signature="verifyLeaveTypeTest()[pri:0, instance:com.att.testcases.HomeTest@1356d4d4]" started-at="2018-10-02T11:58:55Z" name="verifyLeaveTypeTest" finished-at="2018-10-02T11:58:57Z" duration-ms="2629" status="PASS">
          <reporter-output>
          </reporter-output>
        </test-method> <!-- verifyLeaveTypeTest -->
        <test-method is-config="true" signature="tearDown()[pri:0, instance:com.att.testcases.HomeTest@1356d4d4]" started-at="2018-10-02T11:58:57Z" name="tearDown" finished-at="2018-10-02T11:58:58Z" duration-ms="673" status="PASS">
          <reporter-output>
          </reporter-output>
        </test-method> <!-- tearDown -->
        <test-method is-config="true" signature="setUP()[pri:0, instance:com.att.testcases.HomeTest@1356d4d4]" started-at="2018-10-02T11:58:58Z" name="setUP" finished-at="2018-10-02T11:59:03Z" duration-ms="5604" status="PASS">
          <reporter-output>
          </reporter-output>
        </test-method> <!-- setUP -->
        <test-method signature="verifyProfileName()[pri:0, instance:com.att.testcases.HomeTest@1356d4d4]" started-at="2018-10-02T11:59:03Z" name="verifyProfileName" finished-at="2018-10-02T11:59:05Z" duration-ms="1655" status="PASS">
          <reporter-output>
          </reporter-output>
        </test-method> <!-- verifyProfileName -->
        <test-method is-config="true" signature="tearDown()[pri:0, instance:com.att.testcases.HomeTest@1356d4d4]" started-at="2018-10-02T11:59:05Z" name="tearDown" finished-at="2018-10-02T11:59:06Z" duration-ms="654" status="PASS">
          <reporter-output>
          </reporter-output>
        </test-method> <!-- tearDown -->
        <test-method is-config="true" signature="setUP()[pri:0, instance:com.att.testcases.HomeTest@1356d4d4]" started-at="2018-10-02T11:59:06Z" name="setUP" finished-at="2018-10-02T11:59:14Z" duration-ms="8015" status="PASS">
          <reporter-output>
          </reporter-output>
        </test-method> <!-- setUP -->
        <test-method signature="verifyReportTab()[pri:0, instance:com.att.testcases.HomeTest@1356d4d4]" started-at="2018-10-02T11:59:14Z" name="verifyReportTab" finished-at="2018-10-02T11:59:14Z" duration-ms="3" status="PASS">
          <reporter-output>
          </reporter-output>
        </test-method> <!-- verifyReportTab -->
        <test-method is-config="true" signature="tearDown()[pri:0, instance:com.att.testcases.HomeTest@1356d4d4]" started-at="2018-10-02T11:59:14Z" name="tearDown" finished-at="2018-10-02T11:59:15Z" duration-ms="924" status="PASS">
          <reporter-output>
          </reporter-output>
        </test-method> <!-- tearDown -->
        <test-method is-config="true" signature="setUP()[pri:0, instance:com.att.testcases.HomeTest@1356d4d4]" started-at="2018-10-02T11:59:15Z" name="setUP" finished-at="2018-10-02T11:59:20Z" duration-ms="5331" status="PASS">
          <reporter-output>
          </reporter-output>
        </test-method> <!-- setUP -->
        <test-method signature="verifyTaskTabClick()[pri:0, instance:com.att.testcases.HomeTest@1356d4d4]" started-at="2018-10-02T11:59:20Z" name="verifyTaskTabClick" finished-at="2018-10-02T11:59:24Z" duration-ms="3850" status="PASS">
          <reporter-output>
          </reporter-output>
        </test-method> <!-- verifyTaskTabClick -->
        <test-method is-config="true" signature="tearDown()[pri:0, instance:com.att.testcases.HomeTest@1356d4d4]" started-at="2018-10-02T11:59:24Z" name="tearDown" finished-at="2018-10-02T11:59:25Z" duration-ms="667" status="PASS">
          <reporter-output>
          </reporter-output>
        </test-method> <!-- tearDown -->
        <test-method is-config="true" signature="setUP()[pri:0, instance:com.att.testcases.HomeTest@1356d4d4]" started-at="2018-10-02T11:59:25Z" name="setUP" finished-at="2018-10-02T11:59:31Z" duration-ms="6116" status="PASS">
          <reporter-output>
          </reporter-output>
        </test-method> <!-- setUP -->
        <test-method signature="verifyTasksTab()[pri:0, instance:com.att.testcases.HomeTest@1356d4d4]" started-at="2018-10-02T11:59:31Z" name="verifyTasksTab" finished-at="2018-10-02T11:59:31Z" duration-ms="1" status="PASS">
          <reporter-output>
          </reporter-output>
        </test-method> <!-- verifyTasksTab -->
        <test-method is-config="true" signature="tearDown()[pri:0, instance:com.att.testcases.HomeTest@1356d4d4]" started-at="2018-10-02T11:59:31Z" name="tearDown" finished-at="2018-10-02T11:59:31Z" duration-ms="641" status="PASS">
          <reporter-output>
          </reporter-output>
        </test-method> <!-- tearDown -->
      </class> <!-- com.att.testcases.HomeTest -->
    </test> <!-- Default test -->
  </suite> <!-- Default suite -->
</testng-results>
