<?xml version="1.0" encoding="UTF-8"?>
<testng-results ignored="0" total="40" passed="40" failed="0" skipped="0">
  <reporter-output>
  </reporter-output>
  <suite started-at="2018-10-10T13:09:01Z" name="RockON Automation: ActiTime 2.0" finished-at="2018-10-10T13:16:32Z" duration-ms="451196">
    <groups>
    </groups>
    <test started-at="2018-10-10T13:09:01Z" name="ActiTime" finished-at="2018-10-10T13:16:32Z" duration-ms="451196">
      <class name="com.att.testcases.ReportsTest">
        <test-method is-config="true" signature="setUp()[pri:0, instance:com.att.testcases.ReportsTest@3d1cfad4]" started-at="2018-10-10T13:14:02Z" name="setUp" finished-at="2018-10-10T13:14:14Z" duration-ms="12021" status="PASS">
          <reporter-output>
          </reporter-output>
        </test-method> <!-- setUp -->
        <test-method signature="verifyReportsTabLinkClick()[pri:0, instance:com.att.testcases.ReportsTest@3d1cfad4]" started-at="2018-10-10T13:14:14Z" name="verifyReportsTabLinkClick" finished-at="2018-10-10T13:14:16Z" duration-ms="2066" status="PASS">
          <reporter-output>
          </reporter-output>
        </test-method> <!-- verifyReportsTabLinkClick -->
        <test-method is-config="true" signature="tearDown()[pri:0, instance:com.att.testcases.ReportsTest@3d1cfad4]" started-at="2018-10-10T13:14:16Z" name="tearDown" finished-at="2018-10-10T13:14:17Z" duration-ms="730" status="PASS">
          <reporter-output>
          </reporter-output>
        </test-method> <!-- tearDown -->
      </class> <!-- com.att.testcases.ReportsTest -->
      <class name="com.att.testcases.TasksTest">
        <test-method is-config="true" signature="setUp()[pri:0, instance:com.att.testcases.TasksTest@62230c58]" started-at="2018-10-10T13:14:17Z" name="setUp" finished-at="2018-10-10T13:14:31Z" duration-ms="14127" status="PASS">
          <reporter-output>
          </reporter-output>
        </test-method> <!-- setUp -->
        <test-method signature="validateProjectAndCustomerTabClick()[pri:0, instance:com.att.testcases.TasksTest@62230c58]" started-at="2018-10-10T13:14:31Z" name="validateProjectAndCustomerTabClick" finished-at="2018-10-10T13:14:31Z" duration-ms="273" status="PASS">
          <reporter-output>
          </reporter-output>
        </test-method> <!-- validateProjectAndCustomerTabClick -->
        <test-method is-config="true" signature="tearDown()[pri:0, instance:com.att.testcases.TasksTest@62230c58]" started-at="2018-10-10T13:14:31Z" name="tearDown" finished-at="2018-10-10T13:14:32Z" duration-ms="1513" status="PASS">
          <reporter-output>
          </reporter-output>
        </test-method> <!-- tearDown -->
        <test-method is-config="true" signature="setUp()[pri:0, instance:com.att.testcases.TasksTest@62230c58]" started-at="2018-10-10T13:14:32Z" name="setUp" finished-at="2018-10-10T13:14:42Z" duration-ms="9084" status="PASS">
          <reporter-output>
          </reporter-output>
        </test-method> <!-- setUp -->
        <test-method signature="verifyCreateNewTaskBtnClick()[pri:0, instance:com.att.testcases.TasksTest@62230c58]" started-at="2018-10-10T13:14:42Z" name="verifyCreateNewTaskBtnClick" finished-at="2018-10-10T13:14:42Z" duration-ms="403" status="PASS">
          <reporter-output>
          </reporter-output>
        </test-method> <!-- verifyCreateNewTaskBtnClick -->
        <test-method is-config="true" signature="tearDown()[pri:0, instance:com.att.testcases.TasksTest@62230c58]" started-at="2018-10-10T13:14:42Z" name="tearDown" finished-at="2018-10-10T13:14:43Z" duration-ms="743" status="PASS">
          <reporter-output>
          </reporter-output>
        </test-method> <!-- tearDown -->
        <test-method is-config="true" signature="setUp()[pri:0, instance:com.att.testcases.TasksTest@62230c58]" started-at="2018-10-10T13:14:43Z" name="setUp" finished-at="2018-10-10T13:14:52Z" duration-ms="9308" status="PASS">
          <reporter-output>
          </reporter-output>
        </test-method> <!-- setUp -->
        <test-method signature="verifyTaskPage()[pri:0, instance:com.att.testcases.TasksTest@62230c58]" started-at="2018-10-10T13:14:52Z" name="verifyTaskPage" finished-at="2018-10-10T13:14:52Z" duration-ms="78" status="PASS">
          <reporter-output>
          </reporter-output>
        </test-method> <!-- verifyTaskPage -->
        <test-method is-config="true" signature="tearDown()[pri:0, instance:com.att.testcases.TasksTest@62230c58]" started-at="2018-10-10T13:14:52Z" name="tearDown" finished-at="2018-10-10T13:14:53Z" duration-ms="732" status="PASS">
          <reporter-output>
          </reporter-output>
        </test-method> <!-- tearDown -->
      </class> <!-- com.att.testcases.TasksTest -->
      <class name="com.att.testcases.ProjectAndCustomerTest">
        <test-method is-config="true" signature="setUp()[pri:0, instance:com.att.testcases.ProjectAndCustomerTest@74455848]" started-at="2018-10-10T13:15:57Z" name="setUp" finished-at="2018-10-10T13:16:05Z" duration-ms="8235" status="PASS">
          <reporter-output>
          </reporter-output>
        </test-method> <!-- setUp -->
        <test-method signature="verifyCreateCustomerBtnClick()[pri:0, instance:com.att.testcases.ProjectAndCustomerTest@74455848]" started-at="2018-10-10T13:16:05Z" name="verifyCreateCustomerBtnClick" finished-at="2018-10-10T13:16:06Z" duration-ms="315" status="PASS">
          <reporter-output>
          </reporter-output>
        </test-method> <!-- verifyCreateCustomerBtnClick -->
        <test-method is-config="true" signature="tearDown()[pri:0, instance:com.att.testcases.ProjectAndCustomerTest@74455848]" started-at="2018-10-10T13:16:06Z" name="tearDown" finished-at="2018-10-10T13:16:06Z" duration-ms="180" status="PASS">
          <reporter-output>
          </reporter-output>
        </test-method> <!-- tearDown -->
        <test-method is-config="true" signature="setUp()[pri:0, instance:com.att.testcases.ProjectAndCustomerTest@74455848]" started-at="2018-10-10T13:16:06Z" name="setUp" finished-at="2018-10-10T13:16:16Z" duration-ms="10387" status="PASS">
          <reporter-output>
          </reporter-output>
        </test-method> <!-- setUp -->
        <test-method signature="verifyCreateProjectBtnClick()[pri:0, instance:com.att.testcases.ProjectAndCustomerTest@74455848]" started-at="2018-10-10T13:16:16Z" name="verifyCreateProjectBtnClick" finished-at="2018-10-10T13:16:17Z" duration-ms="352" status="PASS">
          <reporter-output>
          </reporter-output>
        </test-method> <!-- verifyCreateProjectBtnClick -->
        <test-method is-config="true" signature="tearDown()[pri:0, instance:com.att.testcases.ProjectAndCustomerTest@74455848]" started-at="2018-10-10T13:16:17Z" name="tearDown" finished-at="2018-10-10T13:16:17Z" duration-ms="95" status="PASS">
          <reporter-output>
          </reporter-output>
        </test-method> <!-- tearDown -->
        <test-method is-config="true" signature="setUp()[pri:0, instance:com.att.testcases.ProjectAndCustomerTest@74455848]" started-at="2018-10-10T13:16:17Z" name="setUp" finished-at="2018-10-10T13:16:30Z" duration-ms="12900" status="PASS">
          <reporter-output>
          </reporter-output>
        </test-method> <!-- setUp -->
        <test-method signature="verifyProjectAndCustomerPageName()[pri:0, instance:com.att.testcases.ProjectAndCustomerTest@74455848]" started-at="2018-10-10T13:16:30Z" name="verifyProjectAndCustomerPageName" finished-at="2018-10-10T13:16:30Z" duration-ms="58" status="PASS">
          <reporter-output>
          </reporter-output>
        </test-method> <!-- verifyProjectAndCustomerPageName -->
        <test-method is-config="true" signature="tearDown()[pri:0, instance:com.att.testcases.ProjectAndCustomerTest@74455848]" started-at="2018-10-10T13:16:30Z" name="tearDown" finished-at="2018-10-10T13:16:32Z" duration-ms="2353" status="PASS">
          <reporter-output>
          </reporter-output>
        </test-method> <!-- tearDown -->
      </class> <!-- com.att.testcases.ProjectAndCustomerTest -->
      <class name="com.att.testcases.HomeTest">
        <test-method is-config="true" signature="setUP()[pri:0, instance:com.att.testcases.HomeTest@65f095f8]" started-at="2018-10-10T13:09:01Z" name="setUP" finished-at="2018-10-10T13:09:07Z" duration-ms="5553" status="PASS">
          <reporter-output>
          </reporter-output>
        </test-method> <!-- setUP -->
        <test-method signature="verifyProfileName()[pri:0, instance:com.att.testcases.HomeTest@65f095f8]" started-at="2018-10-10T13:09:07Z" name="verifyProfileName" finished-at="2018-10-10T13:09:08Z" duration-ms="1183" status="PASS">
          <reporter-output>
          </reporter-output>
        </test-method> <!-- verifyProfileName -->
        <test-method is-config="true" signature="tearDown()[pri:0, instance:com.att.testcases.HomeTest@65f095f8]" started-at="2018-10-10T13:09:08Z" name="tearDown" finished-at="2018-10-10T13:09:08Z" duration-ms="687" status="PASS">
          <reporter-output>
          </reporter-output>
        </test-method> <!-- tearDown -->
        <test-method is-config="true" signature="setUP()[pri:0, instance:com.att.testcases.HomeTest@65f095f8]" started-at="2018-10-10T13:09:08Z" name="setUP" finished-at="2018-10-10T13:09:16Z" duration-ms="7275" status="PASS">
          <reporter-output>
          </reporter-output>
        </test-method> <!-- setUP -->
        <test-method signature="verifyReportTab()[pri:0, instance:com.att.testcases.HomeTest@65f095f8]" started-at="2018-10-10T13:09:16Z" name="verifyReportTab" finished-at="2018-10-10T13:09:16Z" duration-ms="4" status="PASS">
          <reporter-output>
          </reporter-output>
        </test-method> <!-- verifyReportTab -->
        <test-method is-config="true" signature="tearDown()[pri:0, instance:com.att.testcases.HomeTest@65f095f8]" started-at="2018-10-10T13:09:16Z" name="tearDown" finished-at="2018-10-10T13:09:16Z" duration-ms="682" status="PASS">
          <reporter-output>
          </reporter-output>
        </test-method> <!-- tearDown -->
        <test-method is-config="true" signature="setUP()[pri:0, instance:com.att.testcases.HomeTest@65f095f8]" started-at="2018-10-10T13:09:16Z" name="setUP" finished-at="2018-10-10T13:09:21Z" duration-ms="4752" status="PASS">
          <reporter-output>
          </reporter-output>
        </test-method> <!-- setUP -->
        <test-method signature="verifySelectSettingsBillingTypesMenu()[pri:0, instance:com.att.testcases.HomeTest@65f095f8]" started-at="2018-10-10T13:09:21Z" name="verifySelectSettingsBillingTypesMenu" finished-at="2018-10-10T13:09:23Z" duration-ms="2006" status="PASS">
          <reporter-output>
          </reporter-output>
        </test-method> <!-- verifySelectSettingsBillingTypesMenu -->
        <test-method is-config="true" signature="tearDown()[pri:0, instance:com.att.testcases.HomeTest@65f095f8]" started-at="2018-10-10T13:09:23Z" name="tearDown" finished-at="2018-10-10T13:09:24Z" duration-ms="711" status="PASS">
          <reporter-output>
          </reporter-output>
        </test-method> <!-- tearDown -->
        <test-method is-config="true" signature="setUP()[pri:0, instance:com.att.testcases.HomeTest@65f095f8]" started-at="2018-10-10T13:09:24Z" name="setUP" finished-at="2018-10-10T13:09:34Z" duration-ms="10042" status="PASS">
          <reporter-output>
          </reporter-output>
        </test-method> <!-- setUP -->
        <test-method signature="verifySelectSettingsLeaveTypesMenu()[pri:0, instance:com.att.testcases.HomeTest@65f095f8]" started-at="2018-10-10T13:09:34Z" name="verifySelectSettingsLeaveTypesMenu" finished-at="2018-10-10T13:09:36Z" duration-ms="1964" status="PASS">
          <reporter-output>
          </reporter-output>
        </test-method> <!-- verifySelectSettingsLeaveTypesMenu -->
        <test-method is-config="true" signature="tearDown()[pri:0, instance:com.att.testcases.HomeTest@65f095f8]" started-at="2018-10-10T13:09:36Z" name="tearDown" finished-at="2018-10-10T13:09:37Z" duration-ms="732" status="PASS">
          <reporter-output>
          </reporter-output>
        </test-method> <!-- tearDown -->
        <test-method is-config="true" signature="setUP()[pri:0, instance:com.att.testcases.HomeTest@65f095f8]" started-at="2018-10-10T13:09:37Z" name="setUP" finished-at="2018-10-10T13:09:46Z" duration-ms="9554" status="PASS">
          <reporter-output>
          </reporter-output>
        </test-method> <!-- setUP -->
        <test-method signature="verifySelectSettingsLicensesMenu()[pri:0, instance:com.att.testcases.HomeTest@65f095f8]" started-at="2018-10-10T13:09:46Z" name="verifySelectSettingsLicensesMenu" finished-at="2018-10-10T13:09:49Z" duration-ms="2398" status="PASS">
          <reporter-output>
          </reporter-output>
        </test-method> <!-- verifySelectSettingsLicensesMenu -->
        <test-method is-config="true" signature="tearDown()[pri:0, instance:com.att.testcases.HomeTest@65f095f8]" started-at="2018-10-10T13:09:49Z" name="tearDown" finished-at="2018-10-10T13:09:49Z" duration-ms="692" status="PASS">
          <reporter-output>
          </reporter-output>
        </test-method> <!-- tearDown -->
        <test-method is-config="true" signature="setUP()[pri:0, instance:com.att.testcases.HomeTest@65f095f8]" started-at="2018-10-10T13:09:49Z" name="setUP" finished-at="2018-10-10T13:09:56Z" duration-ms="6613" status="PASS">
          <reporter-output>
          </reporter-output>
        </test-method> <!-- setUP -->
        <test-method signature="verifySelectSettingsLogoAndColorSchemeMenu()[pri:0, instance:com.att.testcases.HomeTest@65f095f8]" started-at="2018-10-10T13:09:56Z" name="verifySelectSettingsLogoAndColorSchemeMenu" finished-at="2018-10-10T13:09:59Z" duration-ms="3152" status="PASS">
          <reporter-output>
          </reporter-output>
        </test-method> <!-- verifySelectSettingsLogoAndColorSchemeMenu -->
        <test-method is-config="true" signature="tearDown()[pri:0, instance:com.att.testcases.HomeTest@65f095f8]" started-at="2018-10-10T13:09:59Z" name="tearDown" finished-at="2018-10-10T13:10:00Z" duration-ms="692" status="PASS">
          <reporter-output>
          </reporter-output>
        </test-method> <!-- tearDown -->
        <test-method is-config="true" signature="setUP()[pri:0, instance:com.att.testcases.HomeTest@65f095f8]" started-at="2018-10-10T13:10:00Z" name="setUP" finished-at="2018-10-10T13:10:11Z" duration-ms="11680" status="PASS">
          <reporter-output>
          </reporter-output>
        </test-method> <!-- setUP -->
        <test-method signature="verifyTaskTabClick()[pri:0, instance:com.att.testcases.HomeTest@65f095f8]" started-at="2018-10-10T13:10:11Z" name="verifyTaskTabClick" finished-at="2018-10-10T13:10:13Z" duration-ms="1756" status="PASS">
          <reporter-output>
          </reporter-output>
        </test-method> <!-- verifyTaskTabClick -->
        <test-method is-config="true" signature="tearDown()[pri:0, instance:com.att.testcases.HomeTest@65f095f8]" started-at="2018-10-10T13:10:13Z" name="tearDown" finished-at="2018-10-10T13:10:14Z" duration-ms="736" status="PASS">
          <reporter-output>
          </reporter-output>
        </test-method> <!-- tearDown -->
        <test-method is-config="true" signature="setUP()[pri:0, instance:com.att.testcases.HomeTest@65f095f8]" started-at="2018-10-10T13:10:14Z" name="setUP" finished-at="2018-10-10T13:10:25Z" duration-ms="11037" status="PASS">
          <reporter-output>
          </reporter-output>
        </test-method> <!-- setUP -->
        <test-method signature="verifyTasksTab()[pri:0, instance:com.att.testcases.HomeTest@65f095f8]" started-at="2018-10-10T13:10:25Z" name="verifyTasksTab" finished-at="2018-10-10T13:10:25Z" duration-ms="2" status="PASS">
          <reporter-output>
          </reporter-output>
        </test-method> <!-- verifyTasksTab -->
        <test-method is-config="true" signature="tearDown()[pri:0, instance:com.att.testcases.HomeTest@65f095f8]" started-at="2018-10-10T13:10:25Z" name="tearDown" finished-at="2018-10-10T13:10:26Z" duration-ms="696" status="PASS">
          <reporter-output>
          </reporter-output>
        </test-method> <!-- tearDown -->
      </class> <!-- com.att.testcases.HomeTest -->
      <class name="com.att.testcases.CreateNewProjectTest">
        <test-method is-config="true" signature="setUp()[pri:0, instance:com.att.testcases.CreateNewProjectTest@2e55dd0c]" started-at="2018-10-10T13:15:39Z" name="setUp" finished-at="2018-10-10T13:15:46Z" duration-ms="7186" status="PASS">
          <reporter-output>
          </reporter-output>
        </test-method> <!-- setUp -->
        <test-method signature="validateCreateNewProject()[pri:0, instance:com.att.testcases.CreateNewProjectTest@2e55dd0c]" started-at="2018-10-10T13:15:46Z" name="validateCreateNewProject" finished-at="2018-10-10T13:15:48Z" duration-ms="2224" status="PASS">
          <reporter-output>
          </reporter-output>
        </test-method> <!-- validateCreateNewProject -->
        <test-method is-config="true" signature="tearDown()[pri:0, instance:com.att.testcases.CreateNewProjectTest@2e55dd0c]" started-at="2018-10-10T13:15:48Z" name="tearDown" finished-at="2018-10-10T13:15:49Z" duration-ms="695" status="PASS">
          <reporter-output>
          </reporter-output>
        </test-method> <!-- tearDown -->
        <test-method is-config="true" signature="setUp()[pri:0, instance:com.att.testcases.CreateNewProjectTest@2e55dd0c]" started-at="2018-10-10T13:15:49Z" name="setUp" finished-at="2018-10-10T13:15:56Z" duration-ms="7774" status="PASS">
          <reporter-output>
          </reporter-output>
        </test-method> <!-- setUp -->
        <test-method signature="validateCreateNewProjectPageName()[pri:0, instance:com.att.testcases.CreateNewProjectTest@2e55dd0c]" started-at="2018-10-10T13:15:56Z" name="validateCreateNewProjectPageName" finished-at="2018-10-10T13:15:57Z" duration-ms="55" status="PASS">
          <reporter-output>
          </reporter-output>
        </test-method> <!-- validateCreateNewProjectPageName -->
        <test-method is-config="true" signature="tearDown()[pri:0, instance:com.att.testcases.CreateNewProjectTest@2e55dd0c]" started-at="2018-10-10T13:15:57Z" name="tearDown" finished-at="2018-10-10T13:15:57Z" duration-ms="718" status="PASS">
          <reporter-output>
          </reporter-output>
        </test-method> <!-- tearDown -->
      </class> <!-- com.att.testcases.CreateNewProjectTest -->
      <class name="com.att.testcases.LicensesTest">
        <test-method is-config="true" signature="setUp()[pri:0, instance:com.att.testcases.LicensesTest@747edf66]" started-at="2018-10-10T13:13:49Z" name="setUp" finished-at="2018-10-10T13:14:01Z" duration-ms="12334" status="PASS">
          <reporter-output>
          </reporter-output>
        </test-method> <!-- setUp -->
        <test-method signature="verifyLicensesPageName()[pri:0, instance:com.att.testcases.LicensesTest@747edf66]" started-at="2018-10-10T13:14:01Z" name="verifyLicensesPageName" finished-at="2018-10-10T13:14:01Z" duration-ms="16" status="PASS">
          <reporter-output>
          </reporter-output>
        </test-method> <!-- verifyLicensesPageName -->
        <test-method is-config="true" signature="tearDown()[pri:0, instance:com.att.testcases.LicensesTest@747edf66]" started-at="2018-10-10T13:14:01Z" name="tearDown" finished-at="2018-10-10T13:14:02Z" duration-ms="734" status="PASS">
          <reporter-output>
          </reporter-output>
        </test-method> <!-- tearDown -->
      </class> <!-- com.att.testcases.LicensesTest -->
      <class name="com.att.testcases.CreateNewTasksTest">
        <test-method is-config="true" signature="setUp()[pri:0, instance:com.att.testcases.CreateNewTasksTest@346d61be]" started-at="2018-10-10T13:10:59Z" name="setUp" finished-at="2018-10-10T13:11:09Z" duration-ms="10005" status="PASS">
          <reporter-output>
          </reporter-output>
        </test-method> <!-- setUp -->
        <test-method signature="validateDefaultRadioButtonSelection()[pri:0, instance:com.att.testcases.CreateNewTasksTest@346d61be]" started-at="2018-10-10T13:11:09Z" name="validateDefaultRadioButtonSelection" finished-at="2018-10-10T13:11:09Z" duration-ms="236" status="PASS">
          <reporter-output>
          </reporter-output>
        </test-method> <!-- validateDefaultRadioButtonSelection -->
        <test-method is-config="true" signature="tearDown()[pri:0, instance:com.att.testcases.CreateNewTasksTest@346d61be]" started-at="2018-10-10T13:11:09Z" name="tearDown" finished-at="2018-10-10T13:11:09Z" duration-ms="719" status="PASS">
          <reporter-output>
          </reporter-output>
        </test-method> <!-- tearDown -->
        <test-method is-config="true" signature="setUp()[pri:0, instance:com.att.testcases.CreateNewTasksTest@346d61be]" started-at="2018-10-10T13:11:09Z" name="setUp" finished-at="2018-10-10T13:11:21Z" duration-ms="11130" status="PASS">
          <reporter-output>
          </reporter-output>
        </test-method> <!-- setUp -->
        <test-method signature="verifyCreateNewTasksPageName()[pri:0, instance:com.att.testcases.CreateNewTasksTest@346d61be]" started-at="2018-10-10T13:11:21Z" name="verifyCreateNewTasksPageName" finished-at="2018-10-10T13:11:21Z" duration-ms="63" status="PASS">
          <reporter-output>
          </reporter-output>
        </test-method> <!-- verifyCreateNewTasksPageName -->
        <test-method is-config="true" signature="tearDown()[pri:0, instance:com.att.testcases.CreateNewTasksTest@346d61be]" started-at="2018-10-10T13:11:21Z" name="tearDown" finished-at="2018-10-10T13:11:21Z" duration-ms="718" status="PASS">
          <reporter-output>
          </reporter-output>
        </test-method> <!-- tearDown -->
        <test-method is-config="true" signature="setUp()[pri:0, instance:com.att.testcases.CreateNewTasksTest@346d61be]" started-at="2018-10-10T13:11:21Z" name="setUp" finished-at="2018-10-10T13:11:31Z" duration-ms="9264" status="PASS">
          <reporter-output>
          </reporter-output>
        </test-method> <!-- setUp -->
        <test-method signature="verifyCustomerAndTaskCreateAndDelete()[pri:0, instance:com.att.testcases.CreateNewTasksTest@346d61be]" started-at="2018-10-10T13:11:31Z" name="verifyCustomerAndTaskCreateAndDelete" finished-at="2018-10-10T13:11:34Z" duration-ms="2878" status="PASS">
          <reporter-output>
          </reporter-output>
        </test-method> <!-- verifyCustomerAndTaskCreateAndDelete -->
        <test-method is-config="true" signature="tearDown()[pri:0, instance:com.att.testcases.CreateNewTasksTest@346d61be]" started-at="2018-10-10T13:11:34Z" name="tearDown" finished-at="2018-10-10T13:11:34Z" duration-ms="662" status="PASS">
          <reporter-output>
          </reporter-output>
        </test-method> <!-- tearDown -->
        <test-method is-config="true" signature="setUp()[pri:0, instance:com.att.testcases.CreateNewTasksTest@346d61be]" started-at="2018-10-10T13:11:34Z" name="setUp" finished-at="2018-10-10T13:11:46Z" duration-ms="11785" status="PASS">
          <reporter-output>
          </reporter-output>
        </test-method> <!-- setUp -->
        <test-method signature="verifySelectCustomerName()[pri:0, instance:com.att.testcases.CreateNewTasksTest@346d61be]" started-at="2018-10-10T13:11:46Z" name="verifySelectCustomerName" finished-at="2018-10-10T13:11:46Z" duration-ms="128" status="PASS">
          <reporter-output>
          </reporter-output>
        </test-method> <!-- verifySelectCustomerName -->
        <test-method is-config="true" signature="tearDown()[pri:0, instance:com.att.testcases.CreateNewTasksTest@346d61be]" started-at="2018-10-10T13:11:46Z" name="tearDown" finished-at="2018-10-10T13:11:47Z" duration-ms="796" status="PASS">
          <reporter-output>
          </reporter-output>
        </test-method> <!-- tearDown -->
        <test-method is-config="true" signature="setUp()[pri:0, instance:com.att.testcases.CreateNewTasksTest@346d61be]" started-at="2018-10-10T13:11:47Z" name="setUp" finished-at="2018-10-10T13:11:56Z" duration-ms="9462" status="PASS">
          <reporter-output>
          </reporter-output>
        </test-method> <!-- setUp -->
        <test-method signature="verify_Billable_Task_Using_All_Customer_And_All_Project()[pri:0, instance:com.att.testcases.CreateNewTasksTest@346d61be]" started-at="2018-10-10T13:11:56Z" name="verify_Billable_Task_Using_All_Customer_And_All_Project" finished-at="2018-10-10T13:11:59Z" duration-ms="2771" status="PASS">
          <reporter-output>
          </reporter-output>
        </test-method> <!-- verify_Billable_Task_Using_All_Customer_And_All_Project -->
        <test-method is-config="true" signature="tearDown()[pri:0, instance:com.att.testcases.CreateNewTasksTest@346d61be]" started-at="2018-10-10T13:11:59Z" name="tearDown" finished-at="2018-10-10T13:12:01Z" duration-ms="1412" status="PASS">
          <reporter-output>
          </reporter-output>
        </test-method> <!-- tearDown -->
        <test-method is-config="true" signature="setUp()[pri:0, instance:com.att.testcases.CreateNewTasksTest@346d61be]" started-at="2018-10-10T13:12:01Z" name="setUp" finished-at="2018-10-10T13:12:12Z" duration-ms="11535" status="PASS">
          <reporter-output>
          </reporter-output>
        </test-method> <!-- setUp -->
        <test-method signature="verify_Billable_Task_Using_New_Customer_And_New_Project()[pri:0, instance:com.att.testcases.CreateNewTasksTest@346d61be]" started-at="2018-10-10T13:12:12Z" name="verify_Billable_Task_Using_New_Customer_And_New_Project" finished-at="2018-10-10T13:12:16Z" duration-ms="4159" status="PASS">
          <reporter-output>
          </reporter-output>
        </test-method> <!-- verify_Billable_Task_Using_New_Customer_And_New_Project -->
        <test-method is-config="true" signature="tearDown()[pri:0, instance:com.att.testcases.CreateNewTasksTest@346d61be]" started-at="2018-10-10T13:12:16Z" name="tearDown" finished-at="2018-10-10T13:12:17Z" duration-ms="689" status="PASS">
          <reporter-output>
          </reporter-output>
        </test-method> <!-- tearDown -->
        <test-method is-config="true" signature="setUp()[pri:0, instance:com.att.testcases.CreateNewTasksTest@346d61be]" started-at="2018-10-10T13:12:17Z" name="setUp" finished-at="2018-10-10T13:12:27Z" duration-ms="9915" status="PASS">
          <reporter-output>
          </reporter-output>
        </test-method> <!-- setUp -->
        <test-method signature="verify_Create_Billable_task_using_Existing_Customer()[pri:0, instance:com.att.testcases.CreateNewTasksTest@346d61be]" started-at="2018-10-10T13:12:27Z" name="verify_Create_Billable_task_using_Existing_Customer" finished-at="2018-10-10T13:12:30Z" duration-ms="3115" status="PASS">
          <reporter-output>
          </reporter-output>
        </test-method> <!-- verify_Create_Billable_task_using_Existing_Customer -->
        <test-method is-config="true" signature="tearDown()[pri:0, instance:com.att.testcases.CreateNewTasksTest@346d61be]" started-at="2018-10-10T13:12:30Z" name="tearDown" finished-at="2018-10-10T13:12:31Z" duration-ms="727" status="PASS">
          <reporter-output>
          </reporter-output>
        </test-method> <!-- tearDown -->
        <test-method is-config="true" signature="setUp()[pri:0, instance:com.att.testcases.CreateNewTasksTest@346d61be]" started-at="2018-10-10T13:12:31Z" name="setUp" finished-at="2018-10-10T13:12:39Z" duration-ms="8799" status="PASS">
          <reporter-output>
          </reporter-output>
        </test-method> <!-- setUp -->
        <test-method signature="verify_Create_Non_billable_task_using_Existing_Customer()[pri:0, instance:com.att.testcases.CreateNewTasksTest@346d61be]" started-at="2018-10-10T13:12:39Z" name="verify_Create_Non_billable_task_using_Existing_Customer" finished-at="2018-10-10T13:12:44Z" duration-ms="4682" status="PASS">
          <reporter-output>
          </reporter-output>
        </test-method> <!-- verify_Create_Non_billable_task_using_Existing_Customer -->
        <test-method is-config="true" signature="tearDown()[pri:0, instance:com.att.testcases.CreateNewTasksTest@346d61be]" started-at="2018-10-10T13:12:44Z" name="tearDown" finished-at="2018-10-10T13:12:45Z" duration-ms="748" status="PASS">
          <reporter-output>
          </reporter-output>
        </test-method> <!-- tearDown -->
        <test-method is-config="true" signature="setUp()[pri:0, instance:com.att.testcases.CreateNewTasksTest@346d61be]" started-at="2018-10-10T13:12:45Z" name="setUp" finished-at="2018-10-10T13:12:54Z" duration-ms="8842" status="PASS">
          <reporter-output>
          </reporter-output>
        </test-method> <!-- setUp -->
        <test-method signature="verify_Non_Billable_Task_Using_All_Customer_And_All_Project()[pri:0, instance:com.att.testcases.CreateNewTasksTest@346d61be]" started-at="2018-10-10T13:12:54Z" name="verify_Non_Billable_Task_Using_All_Customer_And_All_Project" finished-at="2018-10-10T13:12:56Z" duration-ms="2081" status="PASS">
          <reporter-output>
          </reporter-output>
        </test-method> <!-- verify_Non_Billable_Task_Using_All_Customer_And_All_Project -->
        <test-method is-config="true" signature="tearDown()[pri:0, instance:com.att.testcases.CreateNewTasksTest@346d61be]" started-at="2018-10-10T13:12:56Z" name="tearDown" finished-at="2018-10-10T13:12:57Z" duration-ms="723" status="PASS">
          <reporter-output>
          </reporter-output>
        </test-method> <!-- tearDown -->
        <test-method is-config="true" signature="setUp()[pri:0, instance:com.att.testcases.CreateNewTasksTest@346d61be]" started-at="2018-10-10T13:12:57Z" name="setUp" finished-at="2018-10-10T13:13:06Z" duration-ms="9286" status="PASS">
          <reporter-output>
          </reporter-output>
        </test-method> <!-- setUp -->
        <test-method signature="verify_Non_Billable_Task_Using_New_Customer_And_New_Project()[pri:0, instance:com.att.testcases.CreateNewTasksTest@346d61be]" started-at="2018-10-10T13:13:06Z" name="verify_Non_Billable_Task_Using_New_Customer_And_New_Project" finished-at="2018-10-10T13:13:11Z" duration-ms="5144" status="PASS">
          <reporter-output>
          </reporter-output>
        </test-method> <!-- verify_Non_Billable_Task_Using_New_Customer_And_New_Project -->
        <test-method is-config="true" signature="tearDown()[pri:0, instance:com.att.testcases.CreateNewTasksTest@346d61be]" started-at="2018-10-10T13:13:11Z" name="tearDown" finished-at="2018-10-10T13:13:12Z" duration-ms="698" status="PASS">
          <reporter-output>
          </reporter-output>
        </test-method> <!-- tearDown -->
        <test-method is-config="true" signature="setUp()[pri:0, instance:com.att.testcases.CreateNewTasksTest@346d61be]" started-at="2018-10-10T13:13:12Z" name="setUp" finished-at="2018-10-10T13:13:22Z" duration-ms="10026" status="PASS">
          <reporter-output>
          </reporter-output>
        </test-method> <!-- setUp -->
        <test-method signature="verify_Task_Create_By_Nothing()[pri:0, instance:com.att.testcases.CreateNewTasksTest@346d61be]" started-at="2018-10-10T13:13:22Z" name="verify_Task_Create_By_Nothing" finished-at="2018-10-10T13:13:22Z" duration-ms="573" status="PASS">
          <reporter-output>
          </reporter-output>
        </test-method> <!-- verify_Task_Create_By_Nothing -->
        <test-method is-config="true" signature="tearDown()[pri:0, instance:com.att.testcases.CreateNewTasksTest@346d61be]" started-at="2018-10-10T13:13:22Z" name="tearDown" finished-at="2018-10-10T13:13:23Z" duration-ms="720" status="PASS">
          <reporter-output>
          </reporter-output>
        </test-method> <!-- tearDown -->
        <test-method is-config="true" signature="setUp()[pri:0, instance:com.att.testcases.CreateNewTasksTest@346d61be]" started-at="2018-10-10T13:13:23Z" name="setUp" finished-at="2018-10-10T13:13:32Z" duration-ms="8633" status="PASS">
          <reporter-output>
          </reporter-output>
        </test-method> <!-- setUp -->
        <test-method signature="verify_Two_Records_Creation_Billable_Task_Using_New_Customer_And_New_Project()[pri:0, instance:com.att.testcases.CreateNewTasksTest@346d61be]" started-at="2018-10-10T13:13:32Z" name="verify_Two_Records_Creation_Billable_Task_Using_New_Customer_And_New_Project" finished-at="2018-10-10T13:13:39Z" duration-ms="7746" status="PASS">
          <reporter-output>
          </reporter-output>
        </test-method> <!-- verify_Two_Records_Creation_Billable_Task_Using_New_Customer_And_New_Project -->
        <test-method is-config="true" signature="tearDown()[pri:0, instance:com.att.testcases.CreateNewTasksTest@346d61be]" started-at="2018-10-10T13:13:39Z" name="tearDown" finished-at="2018-10-10T13:13:40Z" duration-ms="773" status="PASS">
          <reporter-output>
          </reporter-output>
        </test-method> <!-- tearDown -->
      </class> <!-- com.att.testcases.CreateNewTasksTest -->
      <class name="com.att.testcases.BillingTypeTest">
        <test-method is-config="true" signature="setUP()[pri:0, instance:com.att.testcases.BillingTypeTest@3e6ef8ad]" started-at="2018-10-10T13:10:51Z" name="setUP" finished-at="2018-10-10T13:10:58Z" duration-ms="6479" status="PASS">
          <reporter-output>
          </reporter-output>
        </test-method> <!-- setUP -->
        <test-method signature="verifyBillingTypePageName()[pri:0, instance:com.att.testcases.BillingTypeTest@3e6ef8ad]" started-at="2018-10-10T13:10:58Z" name="verifyBillingTypePageName" finished-at="2018-10-10T13:10:58Z" duration-ms="25" status="PASS">
          <reporter-output>
          </reporter-output>
        </test-method> <!-- verifyBillingTypePageName -->
        <test-method is-config="true" signature="tearDown()[pri:0, instance:com.att.testcases.BillingTypeTest@3e6ef8ad]" started-at="2018-10-10T13:10:58Z" name="tearDown" finished-at="2018-10-10T13:10:59Z" duration-ms="678" status="PASS">
          <reporter-output>
          </reporter-output>
        </test-method> <!-- tearDown -->
      </class> <!-- com.att.testcases.BillingTypeTest -->
      <class name="com.att.testcases.LoginTest">
        <test-method is-config="true" signature="setUp()[pri:0, instance:com.att.testcases.LoginTest@59af0466]" started-at="2018-10-10T13:10:26Z" name="setUp" finished-at="2018-10-10T13:10:34Z" duration-ms="8417" status="PASS">
          <reporter-output>
          </reporter-output>
        </test-method> <!-- setUp -->
        <test-method signature="AttImgeLogoTest()[pri:0, instance:com.att.testcases.LoginTest@59af0466]" started-at="2018-10-10T13:10:34Z" name="AttImgeLogoTest" finished-at="2018-10-10T13:10:34Z" duration-ms="54" status="PASS">
          <reporter-output>
          </reporter-output>
        </test-method> <!-- AttImgeLogoTest -->
        <test-method is-config="true" signature="tearDown()[pri:0, instance:com.att.testcases.LoginTest@59af0466]" started-at="2018-10-10T13:10:34Z" name="tearDown" finished-at="2018-10-10T13:10:35Z" duration-ms="678" status="PASS">
          <reporter-output>
          </reporter-output>
        </test-method> <!-- tearDown -->
        <test-method is-config="true" signature="setUp()[pri:0, instance:com.att.testcases.LoginTest@59af0466]" started-at="2018-10-10T13:10:35Z" name="setUp" finished-at="2018-10-10T13:10:40Z" duration-ms="5320" status="PASS">
          <reporter-output>
          </reporter-output>
        </test-method> <!-- setUp -->
        <test-method signature="AttKeepLoginTest()[pri:0, instance:com.att.testcases.LoginTest@59af0466]" started-at="2018-10-10T13:10:40Z" name="AttKeepLoginTest" finished-at="2018-10-10T13:10:40Z" duration-ms="49" status="PASS">
          <reporter-output>
          </reporter-output>
        </test-method> <!-- AttKeepLoginTest -->
        <test-method is-config="true" signature="tearDown()[pri:0, instance:com.att.testcases.LoginTest@59af0466]" started-at="2018-10-10T13:10:40Z" name="tearDown" finished-at="2018-10-10T13:10:41Z" duration-ms="664" status="PASS">
          <reporter-output>
          </reporter-output>
        </test-method> <!-- tearDown -->
        <test-method is-config="true" signature="setUp()[pri:0, instance:com.att.testcases.LoginTest@59af0466]" started-at="2018-10-10T13:10:41Z" name="setUp" finished-at="2018-10-10T13:10:45Z" duration-ms="4545" status="PASS">
          <reporter-output>
          </reporter-output>
        </test-method> <!-- setUp -->
        <test-method signature="AttLicLinkTest()[pri:0, instance:com.att.testcases.LoginTest@59af0466]" started-at="2018-10-10T13:10:45Z" name="AttLicLinkTest" finished-at="2018-10-10T13:10:45Z" duration-ms="49" status="PASS">
          <reporter-output>
          </reporter-output>
        </test-method> <!-- AttLicLinkTest -->
        <test-method is-config="true" signature="tearDown()[pri:0, instance:com.att.testcases.LoginTest@59af0466]" started-at="2018-10-10T13:10:45Z" name="tearDown" finished-at="2018-10-10T13:10:46Z" duration-ms="738" status="PASS">
          <reporter-output>
          </reporter-output>
        </test-method> <!-- tearDown -->
        <test-method is-config="true" signature="setUp()[pri:0, instance:com.att.testcases.LoginTest@59af0466]" started-at="2018-10-10T13:10:46Z" name="setUp" finished-at="2018-10-10T13:10:50Z" duration-ms="4163" status="PASS">
          <reporter-output>
          </reporter-output>
        </test-method> <!-- setUp -->
        <test-method signature="AttLoginTest()[pri:0, instance:com.att.testcases.LoginTest@59af0466]" started-at="2018-10-10T13:10:50Z" name="AttLoginTest" finished-at="2018-10-10T13:10:51Z" duration-ms="344" status="PASS">
          <reporter-output>
          </reporter-output>
        </test-method> <!-- AttLoginTest -->
        <test-method is-config="true" signature="tearDown()[pri:0, instance:com.att.testcases.LoginTest@59af0466]" started-at="2018-10-10T13:10:51Z" name="tearDown" finished-at="2018-10-10T13:10:51Z" duration-ms="718" status="PASS">
          <reporter-output>
          </reporter-output>
        </test-method> <!-- tearDown -->
      </class> <!-- com.att.testcases.LoginTest -->
      <class name="com.att.testcases.LeaveTypeTest">
        <test-method is-config="true" signature="setUP()[pri:0, instance:com.att.testcases.LeaveTypeTest@55536d9e]" started-at="2018-10-10T13:13:40Z" name="setUP" finished-at="2018-10-10T13:13:48Z" duration-ms="7701" status="PASS">
          <reporter-output>
          </reporter-output>
        </test-method> <!-- setUP -->
        <test-method signature="verifyLeaveTypePageName()[pri:0, instance:com.att.testcases.LeaveTypeTest@55536d9e]" started-at="2018-10-10T13:13:48Z" name="verifyLeaveTypePageName" finished-at="2018-10-10T13:13:48Z" duration-ms="26" status="PASS">
          <reporter-output>
          </reporter-output>
        </test-method> <!-- verifyLeaveTypePageName -->
        <test-method is-config="true" signature="tearDown()[pri:0, instance:com.att.testcases.LeaveTypeTest@55536d9e]" started-at="2018-10-10T13:13:48Z" name="tearDown" finished-at="2018-10-10T13:13:49Z" duration-ms="745" status="PASS">
          <reporter-output>
          </reporter-output>
        </test-method> <!-- tearDown -->
      </class> <!-- com.att.testcases.LeaveTypeTest -->
      <class name="com.att.testcases.CreateNewCustomerTest">
        <test-method is-config="true" signature="setUp()[pri:0, instance:com.att.testcases.CreateNewCustomerTest@2cd2a21f]" started-at="2018-10-10T13:14:53Z" name="setUp" finished-at="2018-10-10T13:15:00Z" duration-ms="7660" status="PASS">
          <reporter-output>
          </reporter-output>
        </test-method> <!-- setUp -->
        <test-method signature="validateCreateCustomer()[pri:0, instance:com.att.testcases.CreateNewCustomerTest@2cd2a21f]" started-at="2018-10-10T13:15:00Z" name="validateCreateCustomer" finished-at="2018-10-10T13:15:01Z" duration-ms="746" status="PASS">
          <reporter-output>
          </reporter-output>
        </test-method> <!-- validateCreateCustomer -->
        <test-method is-config="true" signature="tearDown()[pri:0, instance:com.att.testcases.CreateNewCustomerTest@2cd2a21f]" started-at="2018-10-10T13:15:01Z" name="tearDown" finished-at="2018-10-10T13:15:02Z" duration-ms="738" status="PASS">
          <reporter-output>
          </reporter-output>
        </test-method> <!-- tearDown -->
        <test-method is-config="true" signature="setUp()[pri:0, instance:com.att.testcases.CreateNewCustomerTest@2cd2a21f]" started-at="2018-10-10T13:15:02Z" name="setUp" finished-at="2018-10-10T13:15:15Z" duration-ms="13451" status="PASS">
          <reporter-output>
          </reporter-output>
        </test-method> <!-- setUp -->
        <test-method signature="validateCreateNewCustomer()[pri:0, instance:com.att.testcases.CreateNewCustomerTest@2cd2a21f]" started-at="2018-10-10T13:15:15Z" name="validateCreateNewCustomer" finished-at="2018-10-10T13:15:17Z" duration-ms="1444" status="PASS">
          <reporter-output>
          </reporter-output>
        </test-method> <!-- validateCreateNewCustomer -->
        <test-method is-config="true" signature="tearDown()[pri:0, instance:com.att.testcases.CreateNewCustomerTest@2cd2a21f]" started-at="2018-10-10T13:15:17Z" name="tearDown" finished-at="2018-10-10T13:15:18Z" duration-ms="739" status="PASS">
          <reporter-output>
          </reporter-output>
        </test-method> <!-- tearDown -->
        <test-method is-config="true" signature="setUp()[pri:0, instance:com.att.testcases.CreateNewCustomerTest@2cd2a21f]" started-at="2018-10-10T13:15:18Z" name="setUp" finished-at="2018-10-10T13:15:27Z" duration-ms="9643" status="PASS">
          <reporter-output>
          </reporter-output>
        </test-method> <!-- setUp -->
        <test-method signature="validateCreateNewCustomerPageName()[pri:0, instance:com.att.testcases.CreateNewCustomerTest@2cd2a21f]" started-at="2018-10-10T13:15:27Z" name="validateCreateNewCustomerPageName" finished-at="2018-10-10T13:15:27Z" duration-ms="55" status="PASS">
          <reporter-output>
          </reporter-output>
        </test-method> <!-- validateCreateNewCustomerPageName -->
        <test-method is-config="true" signature="tearDown()[pri:0, instance:com.att.testcases.CreateNewCustomerTest@2cd2a21f]" started-at="2018-10-10T13:15:27Z" name="tearDown" finished-at="2018-10-10T13:15:28Z" duration-ms="708" status="PASS">
          <reporter-output>
          </reporter-output>
        </test-method> <!-- tearDown -->
        <test-method is-config="true" signature="setUp()[pri:0, instance:com.att.testcases.CreateNewCustomerTest@2cd2a21f]" started-at="2018-10-10T13:15:28Z" name="setUp" finished-at="2018-10-10T13:15:35Z" duration-ms="7402" status="PASS">
          <reporter-output>
          </reporter-output>
        </test-method> <!-- setUp -->
        <test-method signature="validateDeleteCustomer()[pri:0, instance:com.att.testcases.CreateNewCustomerTest@2cd2a21f]" started-at="2018-10-10T13:15:35Z" name="validateDeleteCustomer" finished-at="2018-10-10T13:15:38Z" depends-on-methods="com.att.testcases.CreateNewCustomerTest.validateCreateCustomer" duration-ms="2143" status="PASS">
          <reporter-output>
          </reporter-output>
        </test-method> <!-- validateDeleteCustomer -->
        <test-method is-config="true" signature="tearDown()[pri:0, instance:com.att.testcases.CreateNewCustomerTest@2cd2a21f]" started-at="2018-10-10T13:15:38Z" name="tearDown" finished-at="2018-10-10T13:15:39Z" duration-ms="1068" status="PASS">
          <reporter-output>
          </reporter-output>
        </test-method> <!-- tearDown -->
      </class> <!-- com.att.testcases.CreateNewCustomerTest -->
    </test> <!-- ActiTime -->
  </suite> <!-- RockON Automation: ActiTime 2.0 -->
</testng-results>
